<?xml version="1.0" encoding="UTF-8"?>
<testng-results ignored="2" total="4" passed="2" failed="0" skipped="0">
  <reporter-output>
  </reporter-output>
  <suite started-at="2023-03-07T11:30:44 EET" name="WPT" finished-at="2023-03-07T11:31:12 EET" duration-ms="28361">
    <groups>
      <group name="smoke">
        <method signature="Login.case_1(java.lang.String)[pri:0, instance:Main.Login@bccb269]" name="case_1" class="Main.Login"/>
        <method signature="Test_1.test1(java.lang.String)[pri:0, instance:Tests.Test_1@15ca7889]" name="test1" class="Tests.Test_1"/>
      </group> <!-- smoke -->
    </groups>
    <test started-at="2023-03-07T11:30:44 EET" name="Dex-Trade Regression" finished-at="2023-03-07T11:31:12 EET" duration-ms="28361">
      <class name="Tests.Test_1">
        <test-method signature="test1(java.lang.String)[pri:0, instance:Tests.Test_1@15ca7889]" started-at="2023-03-07T11:30:59 EET" name="test1" finished-at="2023-03-07T11:31:12 EET" duration-ms="12380" status="PASS">
          <params>
            <param index="0">
              <value>
                <![CDATA[https://dex-trade.com]]>
              </value>
            </param>
          </params>
          <reporter-output>
          </reporter-output>
        </test-method> <!-- test1 -->
      </class> <!-- Tests.Test_1 -->
      <class name="Main.Login">
        <test-method is-config="true" signature="setUp(java.lang.String)[pri:0, instance:Main.Login@bccb269]" started-at="2023-03-07T11:30:44 EET" name="setUp" finished-at="2023-03-07T11:30:50 EET" duration-ms="6764" status="PASS">
          <params>
            <param index="0">
              <value>
                <![CDATA[Firefox]]>
              </value>
            </param>
          </params>
          <reporter-output>
          </reporter-output>
        </test-method> <!-- setUp -->
        <test-method signature="case_1(java.lang.String)[pri:0, instance:Main.Login@bccb269]" started-at="2023-03-07T11:30:50 EET" name="case_1" finished-at="2023-03-07T11:30:59 EET" duration-ms="9150" status="PASS">
          <params>
            <param index="0">
              <value>
                <![CDATA[https://dex-trade.com]]>
              </value>
            </param>
          </params>
          <reporter-output>
          </reporter-output>
        </test-method> <!-- case_1 -->
      </class> <!-- Main.Login -->
    </test> <!-- Dex-Trade Regression -->
  </suite> <!-- WPT -->
</testng-results>
