<?xml version="1.0" encoding="UTF-8"?>
<testng-results ignored="0" total="4" passed="4" failed="0" skipped="0">
  <reporter-output>
  </reporter-output>
  <suite started-at="2023-03-06T16:31:03 EET" name="WPT" finished-at="2023-03-06T16:31:35 EET" duration-ms="31959">
    <groups>
      <group name="regress">
        <method signature="Test_1.test2(java.lang.String)[pri:0, instance:Tests.Test_1@2d2ffcb7]" name="test2" class="Tests.Test_1"/>
        <method signature="Test_2.test3(java.lang.String)[pri:0, instance:Tests.Test_2@762ef0ea]" name="test3" class="Tests.Test_2"/>
      </group> <!-- regress -->
      <group name="smoke">
        <method signature="Test_1.test1(java.lang.String)[pri:0, instance:Tests.Test_1@2d2ffcb7]" name="test1" class="Tests.Test_1"/>
      </group> <!-- smoke -->
    </groups>
    <test started-at="2023-03-06T16:31:03 EET" name="Dex-Trade Regression" finished-at="2023-03-06T16:31:35 EET" duration-ms="31959">
      <class name="Tests.Test_2">
        <test-method signature="test3(java.lang.String)[pri:0, instance:Tests.Test_2@762ef0ea]" started-at="2023-03-06T16:31:31 EET" name="test3" finished-at="2023-03-06T16:31:35 EET" duration-ms="3857" status="PASS">
          <params>
            <param index="0">
              <value>
                <![CDATA[https://dex-trade.com]]>
              </value>
            </param>
          </params>
          <reporter-output>
          </reporter-output>
        </test-method> <!-- test3 -->
      </class> <!-- Tests.Test_2 -->
      <class name="Tests.Test_1">
        <test-method signature="test1(java.lang.String)[pri:0, instance:Tests.Test_1@2d2ffcb7]" started-at="2023-03-06T16:31:14 EET" name="test1" finished-at="2023-03-06T16:31:27 EET" duration-ms="13303" status="PASS">
          <params>
            <param index="0">
              <value>
                <![CDATA[https://dex-trade.com]]>
              </value>
            </param>
          </params>
          <reporter-output>
          </reporter-output>
        </test-method> <!-- test1 -->
        <test-method signature="test2(java.lang.String)[pri:0, instance:Tests.Test_1@2d2ffcb7]" started-at="2023-03-06T16:31:27 EET" name="test2" finished-at="2023-03-06T16:31:31 EET" duration-ms="3764" status="PASS">
          <params>
            <param index="0">
              <value>
                <![CDATA[https://dex-trade.com]]>
              </value>
            </param>
          </params>
          <reporter-output>
          </reporter-output>
        </test-method> <!-- test2 -->
      </class> <!-- Tests.Test_1 -->
      <class name="Main.Login">
        <test-method is-config="true" signature="setUp(java.lang.String)[pri:0, instance:Main.Login@6913c1fb]" started-at="2023-03-06T16:31:03 EET" name="setUp" finished-at="2023-03-06T16:31:08 EET" duration-ms="5315" status="PASS">
          <params>
            <param index="0">
              <value>
                <![CDATA[Firefox]]>
              </value>
            </param>
          </params>
          <reporter-output>
          </reporter-output>
        </test-method> <!-- setUp -->
        <test-method signature="case_1(java.lang.String)[pri:0, instance:Main.Login@6913c1fb]" started-at="2023-03-06T16:31:08 EET" name="case_1" finished-at="2023-03-06T16:31:14 EET" duration-ms="5660" status="PASS">
          <params>
            <param index="0">
              <value>
                <![CDATA[https://dex-trade.com]]>
              </value>
            </param>
          </params>
          <reporter-output>
          </reporter-output>
        </test-method> <!-- case_1 -->
      </class> <!-- Main.Login -->
    </test> <!-- Dex-Trade Regression -->
  </suite> <!-- WPT -->
</testng-results>
